build/app/outputs/mapping/release/seeds.txt
com.edentech.fuodz.MainActivity
com.edentech.fuodz.MainActivity: MainActivity()
...
com.bumptech.glide.load.PreferredColorSpace: com.bumptech.glide.load.PreferredColorSpace valueOf(java.lang.String)
com.google.firestore.v1.CommitResponse: com.google.firestore.v1.CommitResponse DEFAULT_INSTANCE
com.google.firestore.v1.DocumentTransform: com.google.firestore.v1.DocumentTransform DEFAULT_INSTANCE
androidx.appcompat.widget.MenuPopupWindow$MenuDropDownListView: void setHoverListener(androidx.appcompat.widget.MenuItemHoverListener)
io.grpc.okhttp.internal.framed.ErrorCode: io.grpc.okhttp.internal.framed.ErrorCode[] values()
com.google.firebase.auth.GoogleAuthCredential: android.os.Parcelable$Creator CREATOR
androidx.appcompat.widget.AppCompatCheckBox: android.content.res.ColorStateList getSupportBackgroundTintList()
com.google.firebase.firestore.proto.NoDocument: com.google.protobuf.Parser PARSER
io.grpc.internal.ManagedChannelImpl$ResolutionState: io.grpc.internal.ManagedChannelImpl$ResolutionState[] values()
com.dexterous.flutterlocalnotifications.models.NotificationDetails: java.lang.String IMPORTANCE
com.google.android.gms.internal.firebase-auth-api.zzhu
androidx.appcompat.widget.AppCompatImageButton: void setImageResource(int)
com.google.android.gms.internal.firebase-auth-api.zzfj: com.google.android.gms.internal.firebase-auth-api.zzyy zzf
io.flutter.plugin.platform.SingleViewPresentation: io.flutter.plugin.platform.SingleViewPresentation$PresentationState state
com.dexterous.flutterlocalnotifications.utils.BooleanUtils
com.google.firestore.v1.DocumentDelete: int DOCUMENT_FIELD_NUMBER
androidx.appcompat.widget.AppCompatImageView: void setSupportBackgroundTintMode(android.graphics.PorterDuff$Mode)
com.google.firestore.v1.Write: int TRANSFORM_FIELD_NUMBER
com.dexterous.flutterlocalnotifications.models.NotificationDetails: java.lang.String BIG_TEXT
androidx.appcompat.widget.AppCompatImageView: void setImageResource(int)
com.google.protobuf.Writer$FieldOrder: com.google.protobuf.Writer$FieldOrder valueOf(java.lang.String)
com.google.firestore.v1.CommitRequest: com.google.protobuf.Internal$ProtobufList writes_
io.flutter.embedding.engine.FlutterJNI: void nativeOnVsync(long,long,long)
io.flutter.embedding.engine.FlutterJNI: android.graphics.Bitmap getBitmap()
androidx.appcompat.widget.SearchView$SearchAutoComplete: void setThreshold(int)
io.flutter.embedding.android.FlutterSplashView$SavedState: java.lang.String access$600(io.flutter.embedding.android.FlutterSplashView$SavedState)
io.flutter.plugins.firebase.messaging.FlutterFirebaseAppRegistrar: FlutterFirebaseAppRegistrar()
android.support.v4.media.session.MediaSessionCompat$Token: android.os.Parcelable$Creator CREATOR
com.google.firestore.v1.StructuredQuery$FieldFilter: int op_
io.flutter.embedding.engine.FlutterJNI: long nativeAttach(io.flutter.embedding.engine.FlutterJNI,boolean)
com.google.android.gms.internal.firebase-auth-api.zzmd: android.os.Parcelable$Creator CREATOR
com.google.android.gms.internal.firebase-auth-api.zzfd
io.flutter.embedding.engine.systemchannels.PlatformChannel$ClipboardContentFormat: io.flutter.embedding.engine.systemchannels.PlatformChannel$ClipboardContentFormat valueOf(java.lang.String)
com.dexterous.flutterlocalnotifications.models.styles.BigPictureStyleInformation: java.lang.String contentTitle
androidx.media.AudioAttributesImplApi21: AudioAttributesImplApi21()
androidx.appcompat.widget.AbsActionBarView: void setVisibility(int)
com.google.android.gms.internal.firebase-auth-api.zzgy: int zzf
com.google.android.gms.internal.firebase-auth-api.zzge: com.google.android.gms.internal.firebase-auth-api.zzge zzf
com.google.firestore.v1.Document: com.google.protobuf.Timestamp createTime_
com.google.firestore.v1.Precondition: java.lang.Object conditionType_
com.dexterous.flutterlocalnotifications.BitmapSource: com.dexterous.flutterlocalnotifications.BitmapSource[] values()
com.dexterous.flutterlocalnotifications.RepeatInterval: com.dexterous.flutterlocalnotifications.RepeatInterval Hourly