build/app/outputs/mapping/release/mapping.txt
# compiler: R8
# compiler_version: 2.1.75
# min_api: 23
# pg_map_id: 478acd2
# common_typos_disable
...
com.google.android.datatransport.cct.internal.LogEvent -> c.f.a.a.i.f.l:
    com.google.android.datatransport.cct.internal.LogEvent$Builder builder() -> a
    java.lang.Integer getEventCode() -> b
    long getEventTimeMs() -> c
    long getEventUptimeMs() -> d
    com.google.android.datatransport.cct.internal.NetworkConnectionInfo getNetworkConnectionInfo() -> e
    byte[] getSourceExtension() -> f
    java.lang.String getSourceExtensionJsonProto3() -> g
    long getTimezoneOffsetSeconds() -> h
    com.google.android.datatransport.cct.internal.LogEvent$Builder jsonBuilder(java.lang.String) -> i
    com.google.android.datatransport.cct.internal.LogEvent$Builder protoBuilder(byte[]) -> j
com.google.android.datatransport.cct.internal.LogEvent$Builder -> c.f.a.a.i.f.l$a:
    com.google.android.datatransport.cct.internal.LogEvent build() -> a
    com.google.android.datatransport.cct.internal.LogEvent$Builder setEventCode(java.lang.Integer) -> b
    com.google.android.datatransport.cct.internal.LogEvent$Builder setEventTimeMs(long) -> c
    com.google.android.datatransport.cct.internal.LogEvent$Builder setEventUptimeMs(long) -> d
    com.google.android.datatransport.cct.internal.LogEvent$Builder setNetworkConnectionInfo(com.google.android.datatransport.cct.internal.NetworkConnectionInfo) -> e
    com.google.android.datatransport.cct.internal.LogEvent$Builder setSourceExtension(byte[]) -> f
    com.google.android.datatransport.cct.internal.LogEvent$Builder setSourceExtensionJsonProto3(java.lang.String) -> g
    com.google.android.datatransport.cct.internal.LogEvent$Builder setTimezoneOffsetSeconds(long) -> h
com.google.android.datatransport.cct.internal.LogRequest -> c.f.a.a.i.f.m:
    com.google.android.datatransport.cct.internal.LogRequest$Builder builder() -> a
    com.google.android.datatransport.cct.internal.ClientInfo getClientInfo() -> b
    java.util.List getLogEvents() -> c
    java.lang.Integer getLogSource() -> d
    java.lang.String getLogSourceName() -> e
    com.google.android.datatransport.cct.internal.QosTier getQosTier() -> f
    long getRequestTimeMs() -> g
    long getRequestUptimeMs() -> h
com.google.android.datatransport.cct.internal.LogRequest$Builder -> c.f.a.a.i.f.m$a:
    com.google.android.datatransport.cct.internal.LogRequest build() -> a
    com.google.android.datatransport.cct.internal.LogRequest$Builder setClientInfo(com.google.android.datatransport.cct.internal.ClientInfo) -> b
    com.google.android.datatransport.cct.internal.LogRequest$Builder setLogEvents(java.util.List) -> c
    com.google.android.datatransport.cct.internal.LogRequest$Builder setLogSource(java.lang.Integer) -> d
    com.google.android.datatransport.cct.internal.LogRequest$Builder setLogSourceName(java.lang.String) -> e
    com.google.android.datatransport.cct.internal.LogRequest$Builder setQosTier(com.google.android.datatransport.cct.internal.QosTier) -> f
    com.google.android.datatransport.cct.internal.LogRequest$Builder setRequestTimeMs(long) -> g
    com.google.android.datatransport.cct.internal.LogRequest$Builder setRequestUptimeMs(long) -> h
    com.google.android.datatransport.cct.internal.LogRequest$Builder setSource(int) -> i
    com.google.android.datatransport.cct.internal.LogRequest$Builder setSource(java.lang.String) -> j
com.google.android.datatransport.cct.internal.LogResponse -> c.f.a.a.i.f.n:
    com.google.android.datatransport.cct.internal.LogResponse create(long) -> a
    com.google.android.datatransport.cct.internal.LogResponse fromJson(java.io.Reader) -> b
    long getNextRequestWaitMillis() -> c
com.google.android.datatransport.cct.internal.NetworkConnectionInfo -> c.f.a.a.i.f.o:
    com.google.android.datatransport.cct.internal.NetworkConnectionInfo$Builder builder() -> a
    com.google.android.datatransport.cct.internal.NetworkConnectionInfo$MobileSubtype getMobileSubtype() -> b
    com.google.android.datatransport.cct.internal.NetworkConnectionInfo$NetworkType getNetworkType() -> c