build/app/outputs/mapping/release/usage.txt
com.edentech.fuodz.R$mipmap
com.edentech.fuodz.R$style
com.edentech.fuodz.R$string
com.edentech.fuodz.R$color
com.edentech.fuodz.R$interpolator
com.edentech.fuodz.R$layout
com.edentech.fuodz.R$styleable
com.edentech.fuodz.BuildConfig
com.edentech.fuodz.R$anim
com.edentech.fuodz.R$drawable
com.edentech.fuodz.R$raw
com.edentech.fuodz.R
com.edentech.fuodz.R$id
com.edentech.fuodz.R$attr
com.edentech.fuodz.R$dimen
com.edentech.fuodz.R$bool
com.edentech.fuodz.R$integer
com.edentech.fuodz.R$xml
...
io.flutter.plugins.flutter_plugin_android_lifecycle.FlutterAndroidLifecyclePlugin:
    public static void registerWith(io.flutter.plugin.common.PluginRegistry$Registrar)
androidx.core.graphics.drawable.RoundedBitmapDrawable
com.google.rpc.DebugInfo$1
com.google.firebase.auth.internal.zzae:
    static synthetic com.google.firebase.auth.zze zza(com.google.firebase.auth.internal.zzae)
    public final com.google.firebase.auth.MultiFactorSession getSession()
    public final java.util.List getHints()
    public final com.google.android.gms.tasks.Task resolveSignIn(com.google.firebase.auth.MultiFactorAssertion)
    public final com.google.firebase.auth.FirebaseAuth getFirebaseAuth()
com.google.common.collect.Count
androidx.browser.trusted.FutureUtils
kotlin.text.StringsKt__RegexExtensionsJVMKt:
    private static final kotlin.text.Regex toRegex(java.util.regex.Pattern)
    public void <init>()
com.google.android.gms.common.api.internal.zabb
com.google.common.collect.FilteredEntryMultimap$AsMap$1EntrySetImpl
io.grpc.internal.GrpcUtil$5:
    public void ping(io.grpc.internal.ClientTransport$PingCallback,java.util.concurrent.Executor)
    public com.google.common.util.concurrent.ListenableFuture getStats()
androidx.fragment.app.ListFragment$2
android.support.v4.media.MediaBrowserCompat$CustomActionCallback:
    public void <init>()
kotlin.jvm.internal.markers.KMappedMarker
com.google.common.util.concurrent.ImmediateFuture$ImmediateCancelledFuture
com.google.longrunning.GetOperationRequest
kotlin.ranges.LongProgression
android.support.v4.media.MediaBrowserCompat$ItemCallback$ItemCallbackApi23
androidx.core.util.SparseLongArrayKt$keyIterator$1
com.google.firebase.auth.ktx.R
com.google.common.base.AbstractIterator$1
androidx.core.net.TrafficStatsCompat
com.google.android.datatransport.runtime.dagger.internal.SetFactory$Builder
com.squareup.okhttp.internal.http.RouteException
androidx.browser.trusted.sharing.ShareTarget$Params
com.google.type.PostalAddress$1
com.google.common.collect.Tables$UnmodifiableTable
kotlin.text.StringsKt___StringsKt$withIndex$1
com.google.android.play.core.splitinstall.ay
com.google.common.util.concurrent.SequentialExecutor$1
com.google.common.collect.ForwardingSet
io.grpc.internal.SharedResourceHolder:
    static final long DESTROY_DELAY_SECONDS
com.google.common.collect.Multisets
com.google.api.SourceInfo$1
com.google.firestore.v1.Precondition:
    private void clearConditionType()
    private void clearExists()
    private void mergeUpdateTime(com.google.protobuf.Timestamp)
    private void clearUpdateTime()
    public static com.google.firestore.v1.Precondition parseFrom(java.nio.ByteBuffer)
    public static com.google.firestore.v1.Precondition parseFrom(java.nio.ByteBuffer,com.google.protobuf.ExtensionRegistryLite)
    public static com.google.firestore.v1.Precondition parseFrom(com.google.protobuf.ByteString)
    public static com.google.firestore.v1.Precondition parseFrom(com.google.protobuf.ByteString,com.google.protobuf.ExtensionRegistryLite)
    public static com.google.firestore.v1.Precondition parseFrom(byte[])
    public static com.google.firestore.v1.Precondition parseFrom(byte[],com.google.protobuf.ExtensionRegistryLite)
    public static com.google.firestore.v1.Precondition parseFrom(java.io.InputStream)
    public static com.google.firestore.v1.Precondition parseFrom(java.io.InputStream,com.google.protobuf.ExtensionRegistryLite)
    public static com.google.firestore.v1.Precondition parseDelimitedFrom(java.io.InputStream)
    public static com.google.firestore.v1.Precondition parseDelimitedFrom(java.io.InputStream,com.google.protobuf.ExtensionRegistryLite)
    public static com.google.firestore.v1.Precondition parseFrom(com.google.protobuf.CodedInputStream)
com.bumptech.glide.load.engine.prefill.BitmapPreFillRunner
com.google.api.LaunchStage
kotlin.jvm.functions.Function5
com.google.android.gms.internal.safetynet.zzo
com.google.android.gms.internal.firebase-auth-api.zzrg
com.google.api.Backend